mode: set
github.com/chiips/password/generator/conditions.go:12.71,26.16 9 1
github.com/chiips/password/generator/conditions.go:29.2,29.15 1 1
github.com/chiips/password/generator/conditions.go:50.2,51.16 2 1
github.com/chiips/password/generator/conditions.go:54.2,54.15 1 1
github.com/chiips/password/generator/conditions.go:71.2,72.16 2 1
github.com/chiips/password/generator/conditions.go:75.2,75.16 1 1
github.com/chiips/password/generator/conditions.go:92.2,93.16 2 1
github.com/chiips/password/generator/conditions.go:96.2,96.17 1 1
github.com/chiips/password/generator/conditions.go:112.2,112.25 1 1
github.com/chiips/password/generator/conditions.go:117.2,117.43 1 1
github.com/chiips/password/generator/conditions.go:26.16,28.3 1 0
github.com/chiips/password/generator/conditions.go:29.15,34.17 3 1
github.com/chiips/password/generator/conditions.go:39.3,46.19 4 1
github.com/chiips/password/generator/conditions.go:34.17,36.4 1 0
github.com/chiips/password/generator/conditions.go:51.16,53.3 1 0
github.com/chiips/password/generator/conditions.go:54.15,58.17 3 1
github.com/chiips/password/generator/conditions.go:62.3,67.19 4 1
github.com/chiips/password/generator/conditions.go:58.17,60.4 1 0
github.com/chiips/password/generator/conditions.go:72.16,74.3 1 0
github.com/chiips/password/generator/conditions.go:75.16,79.17 3 1
github.com/chiips/password/generator/conditions.go:83.3,88.19 4 1
github.com/chiips/password/generator/conditions.go:79.17,81.4 1 0
github.com/chiips/password/generator/conditions.go:93.16,95.3 1 0
github.com/chiips/password/generator/conditions.go:96.17,100.17 3 1
github.com/chiips/password/generator/conditions.go:104.3,109.19 4 1
github.com/chiips/password/generator/conditions.go:100.17,102.4 1 0
github.com/chiips/password/generator/conditions.go:112.25,115.3 2 0
github.com/chiips/password/generator/conditions.go:120.51,123.16 3 1
github.com/chiips/password/generator/conditions.go:126.2,128.36 2 1
github.com/chiips/password/generator/conditions.go:132.2,132.36 1 1
github.com/chiips/password/generator/conditions.go:136.2,137.25 2 0
github.com/chiips/password/generator/conditions.go:123.16,125.3 1 0
github.com/chiips/password/generator/conditions.go:128.36,130.3 1 1
github.com/chiips/password/generator/conditions.go:132.36,134.3 1 1
github.com/chiips/password/generator/conditions.go:141.51,144.16 3 1
github.com/chiips/password/generator/conditions.go:147.2,148.36 2 1
github.com/chiips/password/generator/conditions.go:151.2,151.36 1 1
github.com/chiips/password/generator/conditions.go:155.2,156.25 2 0
github.com/chiips/password/generator/conditions.go:144.16,146.3 1 0
github.com/chiips/password/generator/conditions.go:148.36,150.3 1 1
github.com/chiips/password/generator/conditions.go:151.36,153.3 1 1
github.com/chiips/password/generator/conditions.go:160.52,163.16 3 1
github.com/chiips/password/generator/conditions.go:166.2,168.36 2 1
github.com/chiips/password/generator/conditions.go:172.2,172.36 1 1
github.com/chiips/password/generator/conditions.go:176.2,177.26 2 0
github.com/chiips/password/generator/conditions.go:163.16,165.3 1 0
github.com/chiips/password/generator/conditions.go:168.36,170.3 1 1
github.com/chiips/password/generator/conditions.go:172.36,174.3 1 1
github.com/chiips/password/generator/conditions.go:181.53,184.16 3 1
github.com/chiips/password/generator/conditions.go:187.2,189.36 2 1
github.com/chiips/password/generator/conditions.go:193.2,193.36 1 1
github.com/chiips/password/generator/conditions.go:197.2,198.27 2 0
github.com/chiips/password/generator/conditions.go:184.16,186.3 1 0
github.com/chiips/password/generator/conditions.go:189.36,191.3 1 1
github.com/chiips/password/generator/conditions.go:193.36,195.3 1 1
github.com/chiips/password/generator/conditions.go:202.43,204.20 1 1
github.com/chiips/password/generator/conditions.go:208.2,211.16 3 1
github.com/chiips/password/generator/conditions.go:216.2,218.17 2 1
github.com/chiips/password/generator/conditions.go:204.20,206.3 1 1
github.com/chiips/password/generator/conditions.go:211.16,212.13 1 0
github.com/chiips/password/generator/conditions.go:222.51,227.16 3 1
github.com/chiips/password/generator/conditions.go:231.2,234.16 3 1
github.com/chiips/password/generator/conditions.go:240.2,240.17 1 1
github.com/chiips/password/generator/conditions.go:244.2,245.26 2 0
github.com/chiips/password/generator/conditions.go:227.16,229.3 1 0
github.com/chiips/password/generator/conditions.go:234.16,238.3 2 0
github.com/chiips/password/generator/conditions.go:240.17,242.3 1 1
github.com/chiips/password/generator/generate.go:10.53,14.16 2 1
github.com/chiips/password/generator/generate.go:19.2,20.16 2 1
github.com/chiips/password/generator/generate.go:26.2,26.45 1 1
github.com/chiips/password/generator/generate.go:43.2,43.28 1 1
github.com/chiips/password/generator/generate.go:47.2,47.22 1 1
github.com/chiips/password/generator/generate.go:14.16,16.3 1 0
github.com/chiips/password/generator/generate.go:20.16,22.3 1 0
github.com/chiips/password/generator/generate.go:26.45,31.17 3 1
github.com/chiips/password/generator/generate.go:35.3,37.36 2 1
github.com/chiips/password/generator/generate.go:31.17,33.4 1 0
github.com/chiips/password/generator/generate.go:43.28,45.3 1 0
